Terminals unused in grammar

   VALUE_STRING


Grammar

    0 $accept: Program $end

    1 Program: %empty
    2        | Program Stmt

    3 Stmt: SysStmt ';'

    4 SysStmt: CREATE DATABASE IDENTIFIER
    5        | DROP DATABASE IDENTIFIER
    6        | SHOW DATABASES
    7        | USE IDENTIFIER
    8        | SHOW TABLES
    9        | CREATE TABLE IDENTIFIER '(' FieldList ')'
   10        | DROP TABLE IDENTIFIER
   11        | DESC IDENTIFIER

   12 FieldList: Field
   13          | FieldList ',' Field

   14 Field: IDENTIFIER Type
   15      | IDENTIFIER Type NOT NUL
   16      | PRIMARY KEY '(' IDENTIFIER ')'

   17 Type: INT '(' VALUE_INT ')'
   18     | CHAR '(' VALUE_INT ')'
   19     | VARCHAR '(' VALUE_INT ')'


Terminals, with rules where they appear

$end (0) 0
'(' (40) 9 16 17 18 19
')' (41) 9 16 17 18 19
',' (44) 13
';' (59) 3
error (256)
CREATE (258) 4 9
DROP (259) 5 10
SHOW (260) 6 8
USE (261) 7
DESC (262) 11
DATABASE (263) 4 5
DATABASES (264) 6
TABLE (265) 9 10
TABLES (266) 8
INT (267) 17
VARCHAR (268) 19
CHAR (269) 18
NOT (270) 15
NUL (271) 15
PRIMARY (272) 16
KEY (273) 16
IDENTIFIER (274) 4 5 7 9 10 11 14 15 16
VALUE_STRING (275)
VALUE_INT (276) 17 18 19


Nonterminals, with rules where they appear

$accept (26)
    on left: 0
Program (27)
    on left: 1 2, on right: 0 2
Stmt (28)
    on left: 3, on right: 2
SysStmt (29)
    on left: 4 5 6 7 8 9 10 11, on right: 3
FieldList (30)
    on left: 12 13, on right: 9 13
Field (31)
    on left: 14 15 16, on right: 12 13
Type (32)
    on left: 17 18 19, on right: 14 15


State 0

    0 $accept: . Program $end

    $default  reduce using rule 1 (Program)

    Program  go to state 1


State 1

    0 $accept: Program . $end
    2 Program: Program . Stmt

    $end    shift, and go to state 2
    CREATE  shift, and go to state 3
    DROP    shift, and go to state 4
    SHOW    shift, and go to state 5
    USE     shift, and go to state 6
    DESC    shift, and go to state 7

    Stmt     go to state 8
    SysStmt  go to state 9


State 2

    0 $accept: Program $end .

    $default  accept


State 3

    4 SysStmt: CREATE . DATABASE IDENTIFIER
    9        | CREATE . TABLE IDENTIFIER '(' FieldList ')'

    DATABASE  shift, and go to state 10
    TABLE     shift, and go to state 11


State 4

    5 SysStmt: DROP . DATABASE IDENTIFIER
   10        | DROP . TABLE IDENTIFIER

    DATABASE  shift, and go to state 12
    TABLE     shift, and go to state 13


State 5

    6 SysStmt: SHOW . DATABASES
    8        | SHOW . TABLES

    DATABASES  shift, and go to state 14
    TABLES     shift, and go to state 15


State 6

    7 SysStmt: USE . IDENTIFIER

    IDENTIFIER  shift, and go to state 16


State 7

   11 SysStmt: DESC . IDENTIFIER

    IDENTIFIER  shift, and go to state 17


State 8

    2 Program: Program Stmt .

    $default  reduce using rule 2 (Program)


State 9

    3 Stmt: SysStmt . ';'

    ';'  shift, and go to state 18


State 10

    4 SysStmt: CREATE DATABASE . IDENTIFIER

    IDENTIFIER  shift, and go to state 19


State 11

    9 SysStmt: CREATE TABLE . IDENTIFIER '(' FieldList ')'

    IDENTIFIER  shift, and go to state 20


State 12

    5 SysStmt: DROP DATABASE . IDENTIFIER

    IDENTIFIER  shift, and go to state 21


State 13

   10 SysStmt: DROP TABLE . IDENTIFIER

    IDENTIFIER  shift, and go to state 22


State 14

    6 SysStmt: SHOW DATABASES .

    $default  reduce using rule 6 (SysStmt)


State 15

    8 SysStmt: SHOW TABLES .

    $default  reduce using rule 8 (SysStmt)


State 16

    7 SysStmt: USE IDENTIFIER .

    $default  reduce using rule 7 (SysStmt)


State 17

   11 SysStmt: DESC IDENTIFIER .

    $default  reduce using rule 11 (SysStmt)


State 18

    3 Stmt: SysStmt ';' .

    $default  reduce using rule 3 (Stmt)


State 19

    4 SysStmt: CREATE DATABASE IDENTIFIER .

    $default  reduce using rule 4 (SysStmt)


State 20

    9 SysStmt: CREATE TABLE IDENTIFIER . '(' FieldList ')'

    '('  shift, and go to state 23


State 21

    5 SysStmt: DROP DATABASE IDENTIFIER .

    $default  reduce using rule 5 (SysStmt)


State 22

   10 SysStmt: DROP TABLE IDENTIFIER .

    $default  reduce using rule 10 (SysStmt)


State 23

    9 SysStmt: CREATE TABLE IDENTIFIER '(' . FieldList ')'

    PRIMARY     shift, and go to state 24
    IDENTIFIER  shift, and go to state 25

    FieldList  go to state 26
    Field      go to state 27


State 24

   16 Field: PRIMARY . KEY '(' IDENTIFIER ')'

    KEY  shift, and go to state 28


State 25

   14 Field: IDENTIFIER . Type
   15      | IDENTIFIER . Type NOT NUL

    INT      shift, and go to state 29
    VARCHAR  shift, and go to state 30
    CHAR     shift, and go to state 31

    Type  go to state 32


State 26

    9 SysStmt: CREATE TABLE IDENTIFIER '(' FieldList . ')'
   13 FieldList: FieldList . ',' Field

    ')'  shift, and go to state 33
    ','  shift, and go to state 34


State 27

   12 FieldList: Field .

    $default  reduce using rule 12 (FieldList)


State 28

   16 Field: PRIMARY KEY . '(' IDENTIFIER ')'

    '('  shift, and go to state 35


State 29

   17 Type: INT . '(' VALUE_INT ')'

    '('  shift, and go to state 36


State 30

   19 Type: VARCHAR . '(' VALUE_INT ')'

    '('  shift, and go to state 37


State 31

   18 Type: CHAR . '(' VALUE_INT ')'

    '('  shift, and go to state 38


State 32

   14 Field: IDENTIFIER Type .
   15      | IDENTIFIER Type . NOT NUL

    NOT  shift, and go to state 39

    $default  reduce using rule 14 (Field)


State 33

    9 SysStmt: CREATE TABLE IDENTIFIER '(' FieldList ')' .

    $default  reduce using rule 9 (SysStmt)


State 34

   13 FieldList: FieldList ',' . Field

    PRIMARY     shift, and go to state 24
    IDENTIFIER  shift, and go to state 25

    Field  go to state 40


State 35

   16 Field: PRIMARY KEY '(' . IDENTIFIER ')'

    IDENTIFIER  shift, and go to state 41


State 36

   17 Type: INT '(' . VALUE_INT ')'

    VALUE_INT  shift, and go to state 42


State 37

   19 Type: VARCHAR '(' . VALUE_INT ')'

    VALUE_INT  shift, and go to state 43


State 38

   18 Type: CHAR '(' . VALUE_INT ')'

    VALUE_INT  shift, and go to state 44


State 39

   15 Field: IDENTIFIER Type NOT . NUL

    NUL  shift, and go to state 45


State 40

   13 FieldList: FieldList ',' Field .

    $default  reduce using rule 13 (FieldList)


State 41

   16 Field: PRIMARY KEY '(' IDENTIFIER . ')'

    ')'  shift, and go to state 46


State 42

   17 Type: INT '(' VALUE_INT . ')'

    ')'  shift, and go to state 47


State 43

   19 Type: VARCHAR '(' VALUE_INT . ')'

    ')'  shift, and go to state 48


State 44

   18 Type: CHAR '(' VALUE_INT . ')'

    ')'  shift, and go to state 49


State 45

   15 Field: IDENTIFIER Type NOT NUL .

    $default  reduce using rule 15 (Field)


State 46

   16 Field: PRIMARY KEY '(' IDENTIFIER ')' .

    $default  reduce using rule 16 (Field)


State 47

   17 Type: INT '(' VALUE_INT ')' .

    $default  reduce using rule 17 (Type)


State 48

   19 Type: VARCHAR '(' VALUE_INT ')' .

    $default  reduce using rule 19 (Type)


State 49

   18 Type: CHAR '(' VALUE_INT ')' .

    $default  reduce using rule 18 (Type)
